2024-05-29 09:15:37 info : Method: POST, URL: /posts, Body: {"caption":"good post"}
2024-05-29 09:16:38 info : Method: POST, URL: /posts, Body: {"caption":"good post"}
2024-05-29 09:17:06 info : Method: POST, URL: /posts, Body: {"caption":"good post"}
2024-05-29 13:18:34 info : Method: GET, URL: /posts/filter?caption=nice, Body: {}
2024-05-29 13:19:03 info : Method: GET, URL: /posts/filter?caption=nice, Body: {}
2024-05-29 13:19:44 info : Method: GET, URL: /posts/filter?caption=nice, Body: {}
2024-05-29 13:20:04 info : Method: GET, URL: /posts/filter?caption=and, Body: {}
2024-05-29 13:20:28 info : Method: GET, URL: /posts/filter?caption=1, Body: {}
2024-05-29 13:20:33 info : Method: GET, URL: /posts/filter?caption=654, Body: {}
2024-05-30 14:02:58 info : Method: GET, URL: /posts/all, Body: {}
2024-05-30 14:03:17 info : Method: GET, URL: /posts/all, Body: {}
2024-05-30 14:04:03 info : Method: GET, URL: /posts/all, Body: {}
2024-05-30 14:04:38 info : Method: GET, URL: /posts/all?page=2&limit=10, Body: {}
2024-05-30 14:04:49 info : Method: GET, URL: /posts/all?page=3&limit=10, Body: {}
2024-05-30 14:04:54 info : Method: GET, URL: /posts/all?page=4&limit=10, Body: {}
2024-05-30 14:06:27 info : Method: GET, URL: /posts/all?page=4&limit=10, Body: {}
2024-05-30 14:06:51 info : Method: GET, URL: /posts/all?page=3&limit=100, Body: {}
2024-05-30 14:06:56 info : Method: GET, URL: /posts/all?page=3&limit=100, Body: {}
2024-05-30 14:07:06 info : Method: GET, URL: /posts/all?page=1&limit=100, Body: {}
2024-05-30 14:07:14 info : Method: GET, URL: /posts/all?page=2&limit=100, Body: {}
2024-05-30 14:07:44 info : Method: GET, URL: /posts/all?limit=100, Body: {}
2024-05-30 14:13:48 info : Method: GET, URL: /posts, Body: {}
2024-05-30 14:14:28 info : Method: GET, URL: /posts?page=2&limit=2, Body: {}
2024-05-30 14:14:45 info : Method: GET, URL: /posts?page=2, Body: {}
2024-05-30 14:14:56 info : Method: GET, URL: /posts?page=1, Body: {}
2024-05-30 14:15:08 info : Method: GET, URL: /posts/all?page=2, Body: {}
2024-05-30 14:15:29 info : Method: GET, URL: /posts/all, Body: {}
2024-05-30 14:15:34 info : Method: GET, URL: /posts/all?limit=100, Body: {}
2024-05-30 14:15:49 info : Method: GET, URL: /posts?page=1, Body: {}
2024-05-30 14:15:52 info : Method: GET, URL: /posts?limit=2&page=1, Body: {}
2024-05-30 14:16:07 info : Method: GET, URL: /posts?limit=2&page=1, Body: {}
2024-05-30 14:16:31 info : Method: GET, URL: /posts?page=1&limit=2, Body: {}
2024-05-30 14:16:37 info : Method: GET, URL: /posts?page=1&limit=1, Body: {}
2024-05-30 14:16:43 info : Method: GET, URL: /posts?page=1, Body: {}
2024-05-30 14:29:31 info : Method: GET, URL: /posts/filter?caption=, Body: {}
2024-05-30 14:30:22 info : Method: GET, URL: /comments/1, Body: {}
2024-05-30 14:30:54 info : Method: GET, URL: /comments/all, Body: {}
2024-05-30 14:31:10 info : Method: GET, URL: /comments/5, Body: {}
2024-05-30 14:31:16 info : Method: GET, URL: /comments/10, Body: {}
2024-05-30 14:31:23 info : Method: GET, URL: /comments/125, Body: {}
2024-05-30 14:31:31 info : Method: GET, URL: /comments/125, Body: {}
2024-05-30 14:31:34 info : Method: GET, URL: /comments/1, Body: {}
2024-05-30 14:34:49 info : Method: GET, URL: /posts/filter?caption=, Body: {}
2024-05-30 14:36:07 info : Method: GET, URL: /posts/filter?caption=, Body: {}
2024-05-30 14:36:15 info : Method: GET, URL: /posts/filter?caption=%20, Body: {}
2024-05-30 14:36:19 info : Method: GET, URL: /posts/filter?caption=%201, Body: {}
2024-05-30 14:36:26 info : Method: GET, URL: /posts/filter?caption=good, Body: {}
2024-05-30 14:36:33 info : Method: GET, URL: /posts/filter?caption=nice, Body: {}
2024-05-30 14:36:47 info : Method: GET, URL: /posts/filter?caption=looks, Body: {}
2024-05-30 14:37:23 info : Method: GET, URL: /posts/filter?caption=looks, Body: {}
